<?xml version="1.0" encoding="UTF-8"?>
<!-- Generated by org.testng.reporters.JUnitReportReporter -->
<testsuite hostname="DESKTOP-1KPJRV5" failures="0" tests="1" name="UdemyTutorial.SeleniumFramework2.ValidateNavigationBar" time="0.096" errors="0" timestamp="11 Jul 2021 18:26:58 GMT">
  <testcase classname="UdemyTutorial.SeleniumFramework2.ValidateNavigationBar" name="basePageNavigation" time="0.096"/>
</testsuite> <!-- UdemyTutorial.SeleniumFramework2.ValidateNavigationBar -->
