<?xml version="1.0" encoding="UTF-8"?>
<!-- Generated by org.testng.reporters.JUnitReportReporter -->
<testsuite hostname="DESKTOP-1KPJRV5" failures="0" tests="1" name="UdemyTutorial.SourceLabs.Demo" time="8.862" errors="0" timestamp="13 Jul 2021 06:05:23 GMT">
  <testcase classname="UdemyTutorial.SourceLabs.Demo" name="demoMethod" time="8.862"/>
</testsuite> <!-- UdemyTutorial.SourceLabs.Demo -->
