<?xml version="1.0" encoding="UTF-8"?>
<!-- Generated by org.testng.reporters.JUnitReportReporter -->
<testsuite hostname="DESKTOP-1KPJRV5" failures="0" tests="10" name="JavaBasic.Streams" time="0.062" errors="0" timestamp="2021-07-06T12:05:57 IST" skipped="0">
  <testcase classname="JavaBasic.Streams" name="withStreams1" time="0.003"/>
  <system-out/>
  <testcase classname="JavaBasic.Streams" name="withStreams3" time="0.004"/>
  <system-out/>
  <testcase classname="JavaBasic.Streams" name="noStreams" time="0.013"/>
  <system-out/>
  <testcase classname="JavaBasic.Streams" name="withStreams6" time="0.008"/>
  <system-out/>
  <testcase classname="JavaBasic.Streams" name="withStreams4" time="0.004"/>
  <system-out/>
  <testcase classname="JavaBasic.Streams" name="withStreams5" time="0.004"/>
  <system-out/>
  <testcase classname="JavaBasic.Streams" name="withStreams7" time="0.005"/>
  <system-out/>
  <testcase classname="JavaBasic.Streams" name="withStreams9" time="0.007"/>
  <system-out/>
  <testcase classname="JavaBasic.Streams" name="withStreams8" time="0.008"/>
  <system-out/>
  <testcase classname="JavaBasic.Streams" name="withStreams2" time="0.006"/>
  <system-out/>
</testsuite> <!-- JavaBasic.Streams -->
