<?xml version="1.0" encoding="UTF-8"?>
<!-- Generated by org.testng.reporters.JUnitReportReporter -->
<testsuite hostname="DESKTOP-1KPJRV5" failures="0" tests="1" name="UdemyTutorial.SourceLabs.WindowAuthenticationPopup" time="11.952" errors="0" timestamp="13 Jul 2021 06:30:07 GMT">
  <testcase classname="UdemyTutorial.SourceLabs.WindowAuthenticationPopup" name="demoMethod" time="11.952"/>
</testsuite> <!-- UdemyTutorial.SourceLabs.WindowAuthenticationPopup -->
