<?xml version="1.0" encoding="UTF-8"?>
<!-- Generated by org.testng.reporters.JUnitReportReporter -->
<testsuite hostname="DESKTOP-1KPJRV5" failures="0" tests="1" name="UdemyTutorial.SourceLabs.AutoITFileUploadDownload" time="18.630" errors="0" timestamp="13 Jul 2021 09:33:26 GMT">
  <testcase classname="UdemyTutorial.SourceLabs.AutoITFileUploadDownload" name="demoMethod" time="18.630"/>
</testsuite> <!-- UdemyTutorial.SourceLabs.AutoITFileUploadDownload -->
