<?xml version="1.0" encoding="UTF-8"?>
<!-- Generated by org.testng.reporters.JUnitReportReporter -->
<testsuite hostname="DESKTOP-1KPJRV5" failures="0" tests="2" name="demo.Demo3" time="0.003" errors="0" timestamp="2021-07-07T17:58:39 IST" skipped="0">
  <testcase classname="demo.Demo3" name="test1" time="0.002"/>
  <system-out/>
  <testcase classname="demo.Demo3" name="test2" time="0.001"/>
  <system-out/>
</testsuite> <!-- demo.Demo3 -->
