<?xml version="1.0" encoding="UTF-8"?>
<!-- Generated by org.testng.reporters.JUnitReportReporter -->
<testsuite hostname="DESKTOP-1KPJRV5" failures="0" tests="11" name="loanDepartment.BusinessLoan" time="0.047" errors="0" timestamp="2021-07-08T10:35:20 IST" skipped="0">
  <testcase classname="loanDepartment.BusinessLoan" name="apply" time="0.017"/>
  <system-out/>
  <testcase classname="loanDepartment.BusinessLoan" name="login" time="0.003"/>
  <system-out/>
  <testcase classname="loanDepartment.BusinessLoan" name="setLoanStatus" time="0.001"/>
  <system-out/>
  <testcase classname="loanDepartment.BusinessLoan" name="approve" time="0.008"/>
  <system-out/>
  <testcase classname="loanDepartment.BusinessLoan" name="logout" time="0.003"/>
  <system-out/>
  <testcase classname="loanDepartment.BusinessLoan" name="setNewLoan" time="0.001"/>
  <system-out/>
  <testcase classname="loanDepartment.BusinessLoan" name="getClientDetails" time="0.001"/>
  <system-out/>
  <testcase classname="loanDepartment.BusinessLoan" name="getLoanStatus" time="0.006"/>
  <system-out/>
  <testcase classname="loanDepartment.BusinessLoan" name="removeLoan" time="0.002"/>
  <system-out/>
  <testcase classname="loanDepartment.BusinessLoan" name="setClientDetails" time="0.002"/>
  <system-out/>
  <testcase classname="loanDepartment.BusinessLoan" name="sendOutstandingWarn" time="0.003"/>
  <system-out/>
</testsuite> <!-- loanDepartment.BusinessLoan -->
