<?xml version="1.0" encoding="UTF-8"?>
<!-- Generated by org.testng.reporters.JUnitReportReporter -->
<testsuite hostname="DESKTOP-1KPJRV5" failures="0" tests="14" name="loanDepartment.PersonalLoan" time="0.111" errors="0" timestamp="2021-07-08T10:35:20 IST" skipped="1">
  <testcase classname="loanDepartment.PersonalLoan" name="login" time="0.001"/>
  <system-out/>
  <testcase classname="loanDepartment.PersonalLoan" name="setNewLoan" time="0.002"/>
  <system-out/>
  <testcase classname="loanDepartment.PersonalLoan" name="sendOutstandingWarn" time="0.002"/>
  <system-out/>
  <testcase classname="loanDepartment.PersonalLoan" name="reject" time="0.001"/>
  <system-out/>
  <testcase classname="loanDepartment.PersonalLoan" name="mobile_logout" time="0.042"/>
  <system-out/>
  <testcase classname="loanDepartment.PersonalLoan" name="getClientDetails" time="0.043"/>
  <system-out/>
  <testcase classname="loanDepartment.PersonalLoan" name="removeLoan" time="0.003"/>
  <system-out/>
  <testcase classname="loanDepartment.PersonalLoan" name="approve" time="0.003"/>
  <system-out/>
  <testcase classname="loanDepartment.PersonalLoan" name="setClientDetails" time="0.001"/>
  <system-out/>
  <testcase classname="loanDepartment.PersonalLoan" name="setLoanStatus" time="0.006"/>
  <system-out/>
  <testcase classname="loanDepartment.PersonalLoan" name="apply" time="0.002"/>
  <system-out/>
  <testcase classname="loanDepartment.PersonalLoan" name="logout" time="0.003"/>
  <system-out/>
  <testcase classname="loanDepartment.PersonalLoan" name="getLoanStatus" time="0.002"/>
  <system-out/>
  <testcase classname="loanDepartment.PersonalLoan" name="mobile_login">
    <skipped/>
  </testcase> <!-- mobile_login -->
  <system-out/>
</testsuite> <!-- loanDepartment.PersonalLoan -->
