<?xml version="1.0" encoding="UTF-8"?>
<!-- Generated by org.testng.reporters.JUnitReportReporter -->
<testsuite hostname="DESKTOP-1KPJRV5" failures="0" tests="2" name="demo.Demo" time="0.016" errors="0" timestamp="2021-07-07T17:58:39 IST" skipped="0">
  <testcase classname="demo.Demo" name="test2" time="0.002"/>
  <system-out/>
  <testcase classname="demo.Demo" name="test1" time="0.014"/>
  <system-out/>
</testsuite> <!-- demo.Demo -->
