<?xml version="1.0" encoding="UTF-8"?>
<!-- Generated by org.testng.reporters.JUnitReportReporter -->
<testsuite hostname="DESKTOP-1KPJRV5" failures="0" tests="4" name="savingsDepartment.KidsAccount" time="0.006" errors="0" timestamp="2021-07-08T10:35:20 IST" skipped="0">
  <testcase classname="savingsDepartment.KidsAccount" name="logout" time="0.001"/>
  <system-out/>
  <testcase classname="savingsDepartment.KidsAccount" name="mobile_logout" time="0.002"/>
  <system-out/>
  <testcase classname="savingsDepartment.KidsAccount" name="mobile_login" time="0.002"/>
  <system-out/>
  <testcase classname="savingsDepartment.KidsAccount" name="login" time="0.001"/>
  <system-out/>
</testsuite> <!-- savingsDepartment.KidsAccount -->
