<?xml version="1.0" encoding="UTF-8"?>
<!-- Generated by org.testng.reporters.JUnitReportReporter -->
<testsuite hostname="DESKTOP-1KPJRV5" failures="0" tests="1" name="demo.Demo2" time="0.002" errors="0" timestamp="2021-07-07T17:58:39 IST" skipped="0">
  <testcase classname="demo.Demo2" name="test3" time="0.002"/>
  <system-out/>
</testsuite> <!-- demo.Demo2 -->
