<?xml version="1.0" encoding="UTF-8"?>
<!-- Generated by org.testng.reporters.JUnitReportReporter -->
<testsuite hostname="DESKTOP-1KPJRV5" failures="0" tests="6" name="savingsDepartment.SavingsAccount" time="0.017" errors="0" timestamp="2021-07-08T10:35:20 IST" skipped="0">
  <testcase classname="savingsDepartment.SavingsAccount" name="mobile_logout" time="0.005"/>
  <system-out/>
  <testcase classname="savingsDepartment.SavingsAccount" name="login" time="0.002"/>
  <system-out/>
  <testcase classname="savingsDepartment.SavingsAccount" name="mobile_logout" time="0.002"/>
  <system-out/>
  <testcase classname="savingsDepartment.SavingsAccount" name="logout" time="0.005"/>
  <system-out/>
  <testcase classname="savingsDepartment.SavingsAccount" name="mobile_logout" time="0.001"/>
  <system-out/>
  <testcase classname="savingsDepartment.SavingsAccount" name="mobile_login" time="0.002"/>
  <system-out/>
</testsuite> <!-- savingsDepartment.SavingsAccount -->
