<?xml version="1.0" encoding="UTF-8"?>
<!-- Generated by org.testng.reporters.JUnitReportReporter -->
<testsuite hostname="DESKTOP-1KPJRV5" failures="0" tests="4" name="savingsDepartment.SeniorCitizenAccount" time="0.009" errors="0" timestamp="2021-07-08T10:35:20 IST" skipped="0">
  <testcase classname="savingsDepartment.SeniorCitizenAccount" name="mobile_logout" time="0.003"/>
  <system-out/>
  <testcase classname="savingsDepartment.SeniorCitizenAccount" name="login" time="0.002"/>
  <system-out/>
  <testcase classname="savingsDepartment.SeniorCitizenAccount" name="logout" time="0.002"/>
  <system-out/>
  <testcase classname="savingsDepartment.SeniorCitizenAccount" name="mobile_login" time="0.002"/>
  <system-out/>
</testsuite> <!-- savingsDepartment.SeniorCitizenAccount -->
