<?xml version="1.0" encoding="UTF-8"?>
<!-- Generated by org.testng.reporters.JUnitReportReporter -->
<testsuite hostname="DESKTOP-1KPJRV5" failures="0" tests="14" name="loanDepartment.CarLoan" time="0.084" errors="0" timestamp="2021-07-08T10:35:20 IST" skipped="0">
  <testcase classname="loanDepartment.CarLoan" name="mobile_login" time="0.002"/>
  <system-out/>
  <testcase classname="loanDepartment.CarLoan" name="getLoanStatus" time="0.003"/>
  <system-out/>
  <testcase classname="loanDepartment.CarLoan" name="setLoanStatus" time="0.003"/>
  <system-out/>
  <testcase classname="loanDepartment.CarLoan" name="logout" time="0.028"/>
  <system-out/>
  <testcase classname="loanDepartment.CarLoan" name="reject" time="0.002"/>
  <system-out/>
  <testcase classname="loanDepartment.CarLoan" name="setNewLoan" time="0.005"/>
  <system-out/>
  <testcase classname="loanDepartment.CarLoan" name="approve" time="0.004"/>
  <system-out/>
  <testcase classname="loanDepartment.CarLoan" name="setClientDetails" time="0.004"/>
  <system-out/>
  <testcase classname="loanDepartment.CarLoan" name="removeLoan" time="0.003"/>
  <system-out/>
  <testcase classname="loanDepartment.CarLoan" name="mobile_logout" time="0.001"/>
  <system-out/>
  <testcase classname="loanDepartment.CarLoan" name="login" time="0.005"/>
  <system-out/>
  <testcase classname="loanDepartment.CarLoan" name="apply" time="0.012"/>
  <system-out/>
  <testcase classname="loanDepartment.CarLoan" name="getClientDetails" time="0.011"/>
  <system-out/>
  <testcase classname="loanDepartment.CarLoan" name="sendOutstandingWarn" time="0.001"/>
  <system-out/>
</testsuite> <!-- loanDepartment.CarLoan -->
