<?xml version="1.0" encoding="UTF-8"?>
<!-- Generated by org.testng.reporters.JUnitReportReporter -->
<testsuite hostname="DESKTOP-1KPJRV5" failures="0" tests="1" name="UdemyTutorial.SeleniumFramework2.AppTest" time="0.004" errors="0" timestamp="10 Jul 2021 11:42:27 GMT">
  <testcase classname="UdemyTutorial.SeleniumFramework2.AppTest" name="shouldAnswerWithTrue" time="0.004"/>
</testsuite> <!-- UdemyTutorial.SeleniumFramework2.AppTest -->
