<?xml version="1.0" encoding="UTF-8"?>
<!-- Generated by org.testng.reporters.JUnitReportReporter -->
<testsuite hostname="DESKTOP-1KPJRV5" failures="0" tests="1" name="testCases.LoginPageTest" time="41.094" errors="0" timestamp="2021-07-10T00:11:28 IST" skipped="0">
  <testcase classname="testCases.LoginPageTest" name="Login" time="41.094"/>
  <system-out/>
</testsuite> <!-- testCases.LoginPageTest -->
