<?xml version="1.0" encoding="UTF-8"?>
<!-- Generated by org.testng.reporters.JUnitReportReporter -->
<testsuite hostname="DESKTOP-1KPJRV5" failures="0" tests="1" name="testCases.LoginPageTest2" time="32.325" errors="0" timestamp="2021-07-10T00:32:17 IST" skipped="0">
  <testcase classname="testCases.LoginPageTest2" name="Login" time="32.325"/>
  <system-out/>
</testsuite> <!-- testCases.LoginPageTest2 -->
