<?xml version="1.0" encoding="UTF-8"?>
<!-- Generated by org.testng.reporters.JUnitReportReporter -->
<testsuite hostname="DESKTOP-1KPJRV5" failures="0" tests="2" name="udemyTutorials.MavenForJenkins.RestAssuredTest" time="0.006" errors="0" timestamp="2021-07-09T12:12:07 IST" skipped="0">
  <testcase classname="udemyTutorials.MavenForJenkins.RestAssuredTest" name="login" time="0.005"/>
  <system-out/>
  <testcase classname="udemyTutorials.MavenForJenkins.RestAssuredTest" name="logout" time="0.001"/>
  <system-out/>
</testsuite> <!-- udemyTutorials.MavenForJenkins.RestAssuredTest -->
