<?xml version="1.0" encoding="UTF-8"?>
<!-- Generated by org.testng.reporters.JUnitReportReporter -->
<testsuite hostname="DESKTOP-1KPJRV5" failures="0" tests="1" name="udemyTutorials.ExtentReports.Demo" time="11.946" errors="0" timestamp="2021-07-09T14:02:55 IST" skipped="0">
  <testcase classname="udemyTutorials.ExtentReports.Demo" name="test1" time="11.946"/>
  <system-out/>
</testsuite> <!-- udemyTutorials.ExtentReports.Demo -->
